c:\users\user\source\repos\lexator\lexator\x64\debug\vc142.pdb
c:\users\user\source\repos\lexator\lexator\x64\debug\vc142.idb
c:\users\user\source\repos\lexator\lexator\x64\debug\lexator.obj
c:\users\user\source\repos\lexator\lexator\x64\debug\buffer.obj
c:\users\user\source\repos\lexator\x64\debug\lexator.pdb
c:\users\user\source\repos\lexator\lexator\x64\debug\lexator.tlog\cl.command.1.tlog
c:\users\user\source\repos\lexator\lexator\x64\debug\lexator.tlog\cl.read.1.tlog
c:\users\user\source\repos\lexator\lexator\x64\debug\lexator.tlog\cl.write.1.tlog
c:\users\user\source\repos\lexator\lexator\x64\debug\lexator.tlog\link-cvtres.read.1.tlog
c:\users\user\source\repos\lexator\lexator\x64\debug\lexator.tlog\link-cvtres.write.1.tlog
c:\users\user\source\repos\lexator\lexator\x64\debug\lexator.tlog\link-rc.read.1.tlog
c:\users\user\source\repos\lexator\lexator\x64\debug\lexator.tlog\link-rc.write.1.tlog
c:\users\user\source\repos\lexator\lexator\x64\debug\lexator.tlog\link.10132-cvtres.read.1.tlog
c:\users\user\source\repos\lexator\lexator\x64\debug\lexator.tlog\link.10132-cvtres.write.1.tlog
c:\users\user\source\repos\lexator\lexator\x64\debug\lexator.tlog\link.10132-rc.read.1.tlog
c:\users\user\source\repos\lexator\lexator\x64\debug\lexator.tlog\link.10132-rc.write.1.tlog
c:\users\user\source\repos\lexator\lexator\x64\debug\lexator.tlog\link.10132.read.1.tlog
c:\users\user\source\repos\lexator\lexator\x64\debug\lexator.tlog\link.10132.write.1.tlog
c:\users\user\source\repos\lexator\lexator\x64\debug\lexator.tlog\link.command.1.tlog
c:\users\user\source\repos\lexator\lexator\x64\debug\lexator.tlog\link.read.1.tlog
c:\users\user\source\repos\lexator\lexator\x64\debug\lexator.tlog\link.write.1.tlog
